This is e-pTeX, Version 3.1415926-p3.4-110825-2.6 (utf8.euc) (TeX Live 2013) (format=platex 2014.11.26)  27 JUN 2015 18:58
entering extended mode
 restricted \write18 enabled.
 %&-line parsing enabled.
**setting
(./setting.tex
pLaTeX2e <2006/11/10> (based on LaTeX2e <2011/06/27> patch level 0)
Babel <3.9f> and hyphenation patterns for 78 languages loaded.

! LaTeX Error: \usepackage before \documentclass.

See the LaTeX manual or LaTeX Companion for explanation.
Type  H <return>  for immediate help.
 ...                                              
                                                  
l.1 \usepackage[dvipdfmx]{
                          graphicx}
? 
! Emergency stop.
 ...                                              
                                                  
l.1 \usepackage[dvipdfmx]{
                          graphicx}
\usepackage may only appear in the document preamble, i.e.,
between \documentclass and \begin{document}.

 
Here is how much of TeX's memory you used:
 5 strings out of 494004
 184 string characters out of 6147767
 52398 words of memory out of 5000000
 3562 multiletter control sequences out of 15000+600000
 7519 words of font info for 31 fonts, out of 8000000 for 9000
 745 hyphenation exceptions out of 8191
 5i,0n,5p,41b,14s stack positions out of 5000i,500n,10000p,200000b,80000s
No pages of output.
